<?xml version="1.0" encoding="UTF-8" ?>
<testsuite tests="55" failures="0" name="br.unioeste.jgoose.istarml.TelosTest" time="0.324" errors="0" skipped="5">
  <properties>
    <property name="java.runtime.name" value="Java(TM) SE Runtime Environment"/>
    <property name="sun.boot.library.path" value="C:\Program Files (x86)\Java\jdk1.8.0_51\jre\bin"/>
    <property name="java.vm.version" value="25.51-b03"/>
    <property name="java.vm.vendor" value="Oracle Corporation"/>
    <property name="java.vendor.url" value="http://java.oracle.com/"/>
    <property name="path.separator" value=";"/>
    <property name="guice.disable.misplaced.annotation.check" value="true"/>
    <property name="java.vm.name" value="Java HotSpot(TM) Client VM"/>
    <property name="file.encoding.pkg" value="sun.io"/>
    <property name="user.script" value=""/>
    <property name="user.country" value="US"/>
    <property name="sun.java.launcher" value="SUN_STANDARD"/>
    <property name="sun.os.patch.level" value=""/>
    <property name="java.vm.specification.name" value="Java Virtual Machine Specification"/>
    <property name="user.dir" value="C:\Users\Alysson Girotto\Dropbox\Computação\JGOOSE\JGOOSE"/>
    <property name="java.runtime.version" value="1.8.0_51-b16"/>
    <property name="java.awt.graphicsenv" value="sun.awt.Win32GraphicsEnvironment"/>
    <property name="java.endorsed.dirs" value="C:\Program Files (x86)\Java\jdk1.8.0_51\jre\lib\endorsed"/>
    <property name="os.arch" value="x86"/>
    <property name="java.io.tmpdir" value="C:\Users\ALYSSO~1\AppData\Local\Temp\"/>
    <property name="line.separator" value="
"/>
    <property name="java.vm.specification.vendor" value="Oracle Corporation"/>
    <property name="user.variant" value=""/>
    <property name="os.name" value="Windows 8.1"/>
    <property name="maven.ext.class.path" value="C:\Program Files\NetBeans 8.1\java\maven-nblib\netbeans-eventspy.jar"/>
    <property name="classworlds.conf" value="C:\Program Files\NetBeans 8.1\java\maven\bin\m2.conf"/>
    <property name="sun.jnu.encoding" value="Cp1252"/>
    <property name="java.library.path" value="C:\Program Files (x86)\Java\jdk1.8.0_51\bin;C:\WINDOWS\Sun\Java\bin;C:\WINDOWS\system32;C:\WINDOWS;C:\Program Files (x86)\MiKTeX 2.9\miktex/bin;C:\Program Files (x86)\NVIDIA Corporation\PhysX\Common;C:\Program Files\Java\jdk1.8.0_45\bin;C:\Program Files (x86)\Intel\iCLS Client\;C:\Program Files\Intel\iCLS Client\;C:\WINDOWS\system32;C:\WINDOWS;C:\WINDOWS\System32\Wbem;C:\WINDOWS\System32\WindowsPowerShell\v1.0\;C:\Program Files (x86)\Windows Live\Shared;C:\Program Files\Intel\Intel(R) Management Engine Components\DAL;C:\Program Files\Intel\Intel(R) Management Engine Components\IPT;C:\Program Files (x86)\Intel\Intel(R) Management Engine Components\DAL;C:\Program Files (x86)\Intel\Intel(R) Management Engine Components\IPT;C:\Program Files (x86)\Intel\OpenCL SDK\2.0\bin\x86;C:\Program Files (x86)\Intel\OpenCL SDK\2.0\bin\x64;C:\Play;C:\Program Files\Java\jdk1.8.0_45\bin;C:\MinGW\bin;C:\Program Files (x86)\Heroku\bin;C:\Program Files (x86)\git\cmd;C:\Program Files\Git\cmd;C:\Program Files\Git\mingw64\bin;C:\Program Files\Git\usr\bin;C:\Program Files (x86)\Skype\Phone\;."/>
    <property name="java.specification.name" value="Java Platform API Specification"/>
    <property name="java.class.version" value="52.0"/>
    <property name="sun.management.compiler" value="HotSpot Client Compiler"/>
    <property name="os.version" value="6.3"/>
    <property name="user.home" value="C:\Users\Alysson Girotto"/>
    <property name="user.timezone" value="America/Sao_Paulo"/>
    <property name="java.awt.printerjob" value="sun.awt.windows.WPrinterJob"/>
    <property name="java.specification.version" value="1.8"/>
    <property name="file.encoding" value="UTF-8"/>
    <property name="user.name" value="Alysson Girotto"/>
    <property name="java.class.path" value="C:\Program Files\NetBeans 8.1\java\maven\boot\plexus-classworlds-2.4.jar"/>
    <property name="java.vm.specification.version" value="1.8"/>
    <property name="sun.arch.data.model" value="32"/>
    <property name="java.home" value="C:\Program Files (x86)\Java\jdk1.8.0_51\jre"/>
    <property name="sun.java.command" value="org.codehaus.plexus.classworlds.launcher.Launcher -Dmaven.ext.class.path=C:\Program Files\NetBeans 8.1\java\maven-nblib\netbeans-eventspy.jar -Dfile.encoding=UTF-8 install"/>
    <property name="java.specification.vendor" value="Oracle Corporation"/>
    <property name="user.language" value="en"/>
    <property name="awt.toolkit" value="sun.awt.windows.WToolkit"/>
    <property name="java.vm.info" value="mixed mode, sharing"/>
    <property name="java.version" value="1.8.0_51"/>
    <property name="java.ext.dirs" value="C:\Program Files (x86)\Java\jdk1.8.0_51\jre\lib\ext;C:\WINDOWS\Sun\Java\lib\ext"/>
    <property name="sun.boot.class.path" value="C:\Program Files (x86)\Java\jdk1.8.0_51\jre\lib\resources.jar;C:\Program Files (x86)\Java\jdk1.8.0_51\jre\lib\rt.jar;C:\Program Files (x86)\Java\jdk1.8.0_51\jre\lib\sunrsasign.jar;C:\Program Files (x86)\Java\jdk1.8.0_51\jre\lib\jsse.jar;C:\Program Files (x86)\Java\jdk1.8.0_51\jre\lib\jce.jar;C:\Program Files (x86)\Java\jdk1.8.0_51\jre\lib\charsets.jar;C:\Program Files (x86)\Java\jdk1.8.0_51\jre\lib\jfr.jar;C:\Program Files (x86)\Java\jdk1.8.0_51\jre\classes"/>
    <property name="java.vendor" value="Oracle Corporation"/>
    <property name="maven.home" value="C:\Program Files\NetBeans 8.1\java\maven"/>
    <property name="file.separator" value="\"/>
    <property name="java.vendor.url.bug" value="http://bugreport.sun.com/bugreport/"/>
    <property name="sun.cpu.endian" value="little"/>
    <property name="sun.io.unicode.encoding" value="UnicodeLittle"/>
    <property name="sun.desktop" value="windows"/>
    <property name="sun.cpu.isalist" value="pentium_pro+mmx pentium_pro pentium+mmx pentium i486 i386 i86"/>
  </properties>
  <testcase classname="br.unioeste.jgoose.istarml.TelosTest" name="countISA[0]" time="0.005"/>
  <testcase classname="br.unioeste.jgoose.istarml.TelosTest" name="countINS[0]" time="0"/>
  <testcase classname="br.unioeste.jgoose.istarml.TelosTest" name="countAllElements[0]" time="0">
    <skipped/>
  </testcase>
  <testcase classname="br.unioeste.jgoose.istarml.TelosTest" name="countActors[0]" time="0.002"/>
  <testcase classname="br.unioeste.jgoose.istarml.TelosTest" name="countAgents[0]" time="0.001"/>
  <testcase classname="br.unioeste.jgoose.istarml.TelosTest" name="countRoles[0]" time="0.002"/>
  <testcase classname="br.unioeste.jgoose.istarml.TelosTest" name="countOccupies[0]" time="0.002"/>
  <testcase classname="br.unioeste.jgoose.istarml.TelosTest" name="countIsPartOf[0]" time="0.001"/>
  <testcase classname="br.unioeste.jgoose.istarml.TelosTest" name="countCovers[0]" time="0.001"/>
  <testcase classname="br.unioeste.jgoose.istarml.TelosTest" name="countPosition[0]" time="0.001"/>
  <testcase classname="br.unioeste.jgoose.istarml.TelosTest" name="countPlays[0]" time="0.001"/>
  <testcase classname="br.unioeste.jgoose.istarml.TelosTest" name="countISA[1]" time="0.003"/>
  <testcase classname="br.unioeste.jgoose.istarml.TelosTest" name="countINS[1]" time="0.001"/>
  <testcase classname="br.unioeste.jgoose.istarml.TelosTest" name="countAllElements[1]" time="0.001">
    <skipped/>
  </testcase>
  <testcase classname="br.unioeste.jgoose.istarml.TelosTest" name="countActors[1]" time="0.001"/>
  <testcase classname="br.unioeste.jgoose.istarml.TelosTest" name="countAgents[1]" time="0.001"/>
  <testcase classname="br.unioeste.jgoose.istarml.TelosTest" name="countRoles[1]" time="0.002"/>
  <testcase classname="br.unioeste.jgoose.istarml.TelosTest" name="countOccupies[1]" time="0.002"/>
  <testcase classname="br.unioeste.jgoose.istarml.TelosTest" name="countIsPartOf[1]" time="0.001"/>
  <testcase classname="br.unioeste.jgoose.istarml.TelosTest" name="countCovers[1]" time="0.002"/>
  <testcase classname="br.unioeste.jgoose.istarml.TelosTest" name="countPosition[1]" time="0.002"/>
  <testcase classname="br.unioeste.jgoose.istarml.TelosTest" name="countPlays[1]" time="0.002"/>
  <testcase classname="br.unioeste.jgoose.istarml.TelosTest" name="countISA[2]" time="0.002"/>
  <testcase classname="br.unioeste.jgoose.istarml.TelosTest" name="countINS[2]" time="0.002"/>
  <testcase classname="br.unioeste.jgoose.istarml.TelosTest" name="countAllElements[2]" time="0.002">
    <skipped/>
  </testcase>
  <testcase classname="br.unioeste.jgoose.istarml.TelosTest" name="countActors[2]" time="0.001"/>
  <testcase classname="br.unioeste.jgoose.istarml.TelosTest" name="countAgents[2]" time="0.002"/>
  <testcase classname="br.unioeste.jgoose.istarml.TelosTest" name="countRoles[2]" time="0.001"/>
  <testcase classname="br.unioeste.jgoose.istarml.TelosTest" name="countOccupies[2]" time="0.001"/>
  <testcase classname="br.unioeste.jgoose.istarml.TelosTest" name="countIsPartOf[2]" time="0.002"/>
  <testcase classname="br.unioeste.jgoose.istarml.TelosTest" name="countCovers[2]" time="0.002"/>
  <testcase classname="br.unioeste.jgoose.istarml.TelosTest" name="countPosition[2]" time="0.002"/>
  <testcase classname="br.unioeste.jgoose.istarml.TelosTest" name="countPlays[2]" time="0.002"/>
  <testcase classname="br.unioeste.jgoose.istarml.TelosTest" name="countISA[3]" time="0.001"/>
  <testcase classname="br.unioeste.jgoose.istarml.TelosTest" name="countINS[3]" time="0.001"/>
  <testcase classname="br.unioeste.jgoose.istarml.TelosTest" name="countAllElements[3]" time="0.001">
    <skipped/>
  </testcase>
  <testcase classname="br.unioeste.jgoose.istarml.TelosTest" name="countActors[3]" time="0.002"/>
  <testcase classname="br.unioeste.jgoose.istarml.TelosTest" name="countAgents[3]" time="0.004"/>
  <testcase classname="br.unioeste.jgoose.istarml.TelosTest" name="countRoles[3]" time="0.001"/>
  <testcase classname="br.unioeste.jgoose.istarml.TelosTest" name="countOccupies[3]" time="0.001"/>
  <testcase classname="br.unioeste.jgoose.istarml.TelosTest" name="countIsPartOf[3]" time="0.001"/>
  <testcase classname="br.unioeste.jgoose.istarml.TelosTest" name="countCovers[3]" time="0.001"/>
  <testcase classname="br.unioeste.jgoose.istarml.TelosTest" name="countPosition[3]" time="0.001"/>
  <testcase classname="br.unioeste.jgoose.istarml.TelosTest" name="countPlays[3]" time="0.001"/>
  <testcase classname="br.unioeste.jgoose.istarml.TelosTest" name="countISA[4]" time="0"/>
  <testcase classname="br.unioeste.jgoose.istarml.TelosTest" name="countINS[4]" time="0.001"/>
  <testcase classname="br.unioeste.jgoose.istarml.TelosTest" name="countAllElements[4]" time="0.001">
    <skipped/>
  </testcase>
  <testcase classname="br.unioeste.jgoose.istarml.TelosTest" name="countActors[4]" time="0.002"/>
  <testcase classname="br.unioeste.jgoose.istarml.TelosTest" name="countAgents[4]" time="0.001"/>
  <testcase classname="br.unioeste.jgoose.istarml.TelosTest" name="countRoles[4]" time="0.002"/>
  <testcase classname="br.unioeste.jgoose.istarml.TelosTest" name="countOccupies[4]" time="0.001"/>
  <testcase classname="br.unioeste.jgoose.istarml.TelosTest" name="countIsPartOf[4]" time="0.002"/>
  <testcase classname="br.unioeste.jgoose.istarml.TelosTest" name="countCovers[4]" time="0.001"/>
  <testcase classname="br.unioeste.jgoose.istarml.TelosTest" name="countPosition[4]" time="0.001"/>
  <testcase classname="br.unioeste.jgoose.istarml.TelosTest" name="countPlays[4]" time="0.001"/>
</testsuite>